<?xml version="1.0" encoding="UTF-8"?>
<!-- Generated by org.testng.reporters.JUnitXMLReporter -->
<testsuite ignored="0" hostname="ArijitSengupta" failures="1" tests="4" name="Test" time="20.203" errors="0" timestamp="2021-07-23T08:01:15 IST">
  <testcase classname="Academy.ValidateNavigationBarTest" name="basePageNavigation" time="0.089"/>
  <testcase classname="Academy.HomePageTest" name="basePageNavigation" time="4.251"/>
  <testcase classname="Academy.HomePageTest" name="basePageNavigation" time="2.922"/>
  <testcase classname="Academy.ValidateTitleTest" name="validatePageTitle" time="0.058">
    <failure type="java.lang.AssertionError" message="expected [featured courses] but found []">
      <![CDATA[java.lang.AssertionError: expected [featured courses] but found []
at Academy.ValidateTitleTest.validatePageTitle(ValidateTitleTest.java:34)
at java.base/java.util.ArrayList.forEach(ArrayList.java:1510)
... Removed 33 stack frames]]>
    </failure>
  </testcase> <!-- validatePageTitle -->
</testsuite> <!-- Test -->
